
> rag-ex-frontend@1.0.0 start
> react-scripts start

Starting the development server...

Compiled with warnings.

[eslint] 
src\components\Summaries.js
  Line 2:33:  'FaTrash' is defined but never used   no-unused-vars
  Line 2:65:  'FaFolder' is defined but never used  no-unused-vars

Search for the keywords to learn more about each warning.
To ignore, add // eslint-disable-next-line to the line before.

[1m[33mWARNING[39m[22m in [1m[eslint] 
src\components\Summaries.js
  Line 2:33:  'FaTrash' is defined but never used   no-unused-vars
  Line 2:65:  'FaFolder' is defined but never used  no-unused-vars

[39m[22m

webpack compiled with [1m[33m1 warning[39m[22m
Compiling...
Compiled with warnings.

[eslint] 
src\components\Summaries.js
  Line 2:33:  'FaTrash' is defined but never used   no-unused-vars
  Line 2:65:  'FaFolder' is defined but never used  no-unused-vars

Search for the keywords to learn more about each warning.
To ignore, add // eslint-disable-next-line to the line before.

[1m[33mWARNING[39m[22m in [1m[eslint] 
src\components\Summaries.js
  Line 2:33:  'FaTrash' is defined but never used   no-unused-vars
  Line 2:65:  'FaFolder' is defined but never used  no-unused-vars

[39m[22m

webpack compiled with [1m[33m1 warning[39m[22m
Compiling...
Compiled with warnings.

[eslint] 
src\components\Summaries.js
  Line 2:33:  'FaTrash' is defined but never used   no-unused-vars
  Line 2:65:  'FaFolder' is defined but never used  no-unused-vars

Search for the keywords to learn more about each warning.
To ignore, add // eslint-disable-next-line to the line before.

[1m[33mWARNING[39m[22m in [1m[eslint] 
src\components\Summaries.js
  Line 2:33:  'FaTrash' is defined but never used   no-unused-vars
  Line 2:65:  'FaFolder' is defined but never used  no-unused-vars

[39m[22m

webpack compiled with [1m[33m1 warning[39m[22m
Compiling...
Compiled with warnings.

[eslint] 
src\components\Summaries.js
  Line 2:33:  'FaTrash' is defined but never used   no-unused-vars
  Line 2:65:  'FaFolder' is defined but never used  no-unused-vars

Search for the keywords to learn more about each warning.
To ignore, add // eslint-disable-next-line to the line before.

[1m[33mWARNING[39m[22m in [1m[eslint] 
src\components\Summaries.js
  Line 2:33:  'FaTrash' is defined but never used   no-unused-vars
  Line 2:65:  'FaFolder' is defined but never used  no-unused-vars

[39m[22m

webpack compiled with [1m[33m1 warning[39m[22m
Compiling...
Compiled with warnings.

[eslint] 
src\components\Summaries.js
  Line 2:33:  'FaTrash' is defined but never used   no-unused-vars
  Line 2:65:  'FaFolder' is defined but never used  no-unused-vars

Search for the keywords to learn more about each warning.
To ignore, add // eslint-disable-next-line to the line before.

[1m[33mWARNING[39m[22m in [1m[eslint] 
src\components\Summaries.js
  Line 2:33:  'FaTrash' is defined but never used   no-unused-vars
  Line 2:65:  'FaFolder' is defined but never used  no-unused-vars

[39m[22m

webpack compiled with [1m[33m1 warning[39m[22m
Compiling...
Compiled with warnings.

[eslint] 
src\components\Summaries.js
  Line 2:33:  'FaTrash' is defined but never used   no-unused-vars
  Line 2:65:  'FaFolder' is defined but never used  no-unused-vars

Search for the keywords to learn more about each warning.
To ignore, add // eslint-disable-next-line to the line before.

[1m[33mWARNING[39m[22m in [1m[eslint] 
src\components\Summaries.js
  Line 2:33:  'FaTrash' is defined but never used   no-unused-vars
  Line 2:65:  'FaFolder' is defined but never used  no-unused-vars

[39m[22m

webpack compiled with [1m[33m1 warning[39m[22m
Compiling...
Compiled with warnings.

[eslint] 
src\components\Summaries.js
  Line 2:33:  'FaTrash' is defined but never used   no-unused-vars
  Line 2:65:  'FaFolder' is defined but never used  no-unused-vars

Search for the keywords to learn more about each warning.
To ignore, add // eslint-disable-next-line to the line before.

[1m[33mWARNING[39m[22m in [1m[eslint] 
src\components\Summaries.js
  Line 2:33:  'FaTrash' is defined but never used   no-unused-vars
  Line 2:65:  'FaFolder' is defined but never used  no-unused-vars

[39m[22m

webpack compiled with [1m[33m1 warning[39m[22m
